<?xml version="1.0" encoding="UTF-8"?>
<testng-results skipped="0" failed="0" total="2" passed="2">
  <reporter-output>
  </reporter-output>
  <suite name="Default suite" duration-ms="80" started-at="2021-03-11T11:56:38Z" finished-at="2021-03-11T11:56:38Z">
    <groups>
    </groups>
    <test name="Default test" duration-ms="80" started-at="2021-03-11T11:56:38Z" finished-at="2021-03-11T11:56:38Z">
      <class name="com.victorSolutions.Sample">
        <test-method status="PASS" signature="createOrg()[pri:0, instance:com.victorSolutions.Sample@18be83e4]" name="createOrg" duration-ms="22" started-at="2021-03-11T17:26:38Z" finished-at="2021-03-11T17:26:38Z">
          <reporter-output>
          </reporter-output>
        </test-method> <!-- createOrg -->
        <test-method status="PASS" signature="createProduct()[pri:0, instance:com.victorSolutions.Sample@18be83e4]" name="createProduct" duration-ms="1" started-at="2021-03-11T17:26:38Z" finished-at="2021-03-11T17:26:38Z">
          <reporter-output>
          </reporter-output>
        </test-method> <!-- createProduct -->
      </class> <!-- com.victorSolutions.Sample -->
    </test> <!-- Default test -->
  </suite> <!-- Default suite -->
</testng-results>
